Determining if the pthread_create exist failed with the following output:
Change Dir: /home/cs18/Desktop/MyWebServer/webserver/build/CMakeFiles/CMakeTmp

Run Build Command:"/usr/bin/make" "cmTC_a0279/fast"
/usr/bin/make -f CMakeFiles/cmTC_a0279.dir/build.make CMakeFiles/cmTC_a0279.dir/build
make[1]: Entering directory '/home/cs18/Desktop/MyWebServer/webserver/build/CMakeFiles/CMakeTmp'
Building C object CMakeFiles/cmTC_a0279.dir/CheckSymbolExists.c.o
/usr/bin/cc    -o CMakeFiles/cmTC_a0279.dir/CheckSymbolExists.c.o   -c /home/cs18/Desktop/MyWebServer/webserver/build/CMakeFiles/CMakeTmp/CheckSymbolExists.c
Linking C executable cmTC_a0279
/usr/bin/cmake -E cmake_link_script CMakeFiles/cmTC_a0279.dir/link.txt --verbose=1
/usr/bin/cc      CMakeFiles/cmTC_a0279.dir/CheckSymbolExists.c.o  -o cmTC_a0279 
CMakeFiles/cmTC_a0279.dir/CheckSymbolExists.c.o: In function `main':
CheckSymbolExists.c:(.text+0x1b): undefined reference to `pthread_create'
collect2: error: ld returned 1 exit status
CMakeFiles/cmTC_a0279.dir/build.make:97: recipe for target 'cmTC_a0279' failed
make[1]: *** [cmTC_a0279] Error 1
make[1]: Leaving directory '/home/cs18/Desktop/MyWebServer/webserver/build/CMakeFiles/CMakeTmp'
Makefile:126: recipe for target 'cmTC_a0279/fast' failed
make: *** [cmTC_a0279/fast] Error 2

File /home/cs18/Desktop/MyWebServer/webserver/build/CMakeFiles/CMakeTmp/CheckSymbolExists.c:
/* */
#include <pthread.h>

int main(int argc, char** argv)
{
  (void)argv;
#ifndef pthread_create
  return ((int*)(&pthread_create))[argc];
#else
  (void)argc;
  return 0;
#endif
}

Determining if the function pthread_create exists in the pthreads failed with the following output:
Change Dir: /home/cs18/Desktop/MyWebServer/webserver/build/CMakeFiles/CMakeTmp

Run Build Command:"/usr/bin/make" "cmTC_52a43/fast"
/usr/bin/make -f CMakeFiles/cmTC_52a43.dir/build.make CMakeFiles/cmTC_52a43.dir/build
make[1]: Entering directory '/home/cs18/Desktop/MyWebServer/webserver/build/CMakeFiles/CMakeTmp'
Building C object CMakeFiles/cmTC_52a43.dir/CheckFunctionExists.c.o
/usr/bin/cc   -DCHECK_FUNCTION_EXISTS=pthread_create   -o CMakeFiles/cmTC_52a43.dir/CheckFunctionExists.c.o   -c /usr/share/cmake-3.10/Modules/CheckFunctionExists.c
Linking C executable cmTC_52a43
/usr/bin/cmake -E cmake_link_script CMakeFiles/cmTC_52a43.dir/link.txt --verbose=1
/usr/bin/cc  -DCHECK_FUNCTION_EXISTS=pthread_create    CMakeFiles/cmTC_52a43.dir/CheckFunctionExists.c.o  -o cmTC_52a43 -lpthreads 
/usr/bin/ld: cannot find -lpthreads
collect2: error: ld returned 1 exit status
CMakeFiles/cmTC_52a43.dir/build.make:97: recipe for target 'cmTC_52a43' failed
make[1]: *** [cmTC_52a43] Error 1
make[1]: Leaving directory '/home/cs18/Desktop/MyWebServer/webserver/build/CMakeFiles/CMakeTmp'
Makefile:126: recipe for target 'cmTC_52a43/fast' failed
make: *** [cmTC_52a43/fast] Error 2


